04 Oct 2017 20:16:56,476 [10] ERROR ErrorLog - Thread was being aborted.
System.Threading.ThreadAbortException: Thread was being aborted.
   at System.Threading.Thread.AbortInternal()
   at System.Threading.Thread.Abort(Object stateInfo)
   at System.Web.HttpResponse.AbortCurrentThread()
   at System.Web.HttpResponse.Redirect(String url, Boolean endResponse, Boolean permanent)
   at Effigy.Web.Login.btnLogin_Click(Object sender, EventArgs e) in E:\Projects\10032017\Indigo\Effigy\Effigy.Web\Login.aspx.cs:line 51
04 Oct 2017 20:43:35,133 [13] ERROR ErrorLog - Thread was being aborted.
System.Threading.ThreadAbortException: Thread was being aborted.
   at System.Threading.Thread.AbortInternal()
   at System.Threading.Thread.Abort(Object stateInfo)
   at System.Web.HttpResponse.AbortCurrentThread()
   at System.Web.HttpResponse.Redirect(String url, Boolean endResponse, Boolean permanent)
   at Effigy.Web.Login.btnLogin_Click(Object sender, EventArgs e) in E:\Projects\10032017\Indigo\Effigy\Effigy.Web\Login.aspx.cs:line 51
04 Oct 2017 20:47:02,999 [7] ERROR ErrorLog - Thread was being aborted.
System.Threading.ThreadAbortException: Thread was being aborted.
   at System.Threading.Thread.AbortInternal()
   at System.Threading.Thread.Abort(Object stateInfo)
   at System.Web.HttpResponse.AbortCurrentThread()
   at System.Web.HttpResponse.Redirect(String url, Boolean endResponse, Boolean permanent)
   at Effigy.Web.Login.btnLogin_Click(Object sender, EventArgs e) in E:\Projects\10032017\Indigo\Effigy\Effigy.Web\Login.aspx.cs:line 51
04 Oct 2017 20:53:22,705 [29] ERROR ErrorLog - An object with the same key already exists in the ObjectStateManager. The ObjectStateManager cannot track multiple objects with the same key.
System.InvalidOperationException: An object with the same key already exists in the ObjectStateManager. The ObjectStateManager cannot track multiple objects with the same key.
   at System.Data.Objects.ObjectContext.VerifyRootForAdd(Boolean doAttach, String entitySetName, IEntityWrapper wrappedEntity, EntityEntry existingEntry, EntitySet& entitySet, Boolean& isNoOperation)
   at System.Data.Objects.ObjectContext.AttachTo(String entitySetName, Object entity)
   at System.Data.Entity.Internal.Linq.InternalSet`1.ActOnSet(Action action, EntityState newState, Object entity, String methodName)
   at System.Data.Entity.Internal.Linq.InternalSet`1.Attach(Object entity)
   at System.Data.Entity.Internal.InternalEntityEntry.set_State(EntityState value)
   at Effigy.DataObject.UnitOfWork.clsDALUser.SaveUserMaster(tblMstUserMaster objUserMaster) in E:\Projects\10032017\Indigo\Effigy\Effigy.DataObject\UnitOfWork\clsDALUser.cs:line 173
   at Effigy.DataObject.UnitOfWork.clsDALUser.SaveUpdateUserDetail(tblMstUserMaster objUserMaster, tblMstUserDetail objUserDetail, tblMstUserBankDetail objUserBankDetail, tblMstUserCategoryMapping categoryMapping, tblMstUserTreeStructure userTreeStructure) in E:\Projects\10032017\Indigo\Effigy\Effigy.DataObject\UnitOfWork\clsDALUser.cs:line 142
   at Effigy.Service.UserService.CreateNewUser(UserData objUserData, tblMstUserBankDetail objBankDetail) in E:\Projects\10032017\Indigo\Effigy\Effigy.Service\Factory\UserService.cs:line 111
   at Effigy.Web.UserProfile.UsersListPage.SaveProfile(UserProfileData objData) in E:\Projects\10032017\Indigo\Effigy\Effigy.Web\UserProfile\UsersListPage.aspx.cs:line 164
04 Oct 2017 20:56:47,286 [15] ERROR ErrorLog - Thread was being aborted.
System.Threading.ThreadAbortException: Thread was being aborted.
   at System.Threading.Thread.AbortInternal()
   at System.Threading.Thread.Abort(Object stateInfo)
   at System.Web.HttpResponse.AbortCurrentThread()
   at System.Web.HttpResponse.Redirect(String url, Boolean endResponse, Boolean permanent)
   at Effigy.Web.Login.btnLogin_Click(Object sender, EventArgs e) in E:\Projects\10032017\Indigo\Effigy\Effigy.Web\Login.aspx.cs:line 51
04 Oct 2017 20:59:04,027 [15] ERROR ErrorLog - An entity object cannot be referenced by multiple instances of IEntityChangeTracker.
System.InvalidOperationException: An entity object cannot be referenced by multiple instances of IEntityChangeTracker.
   at System.Data.Objects.ObjectContext.VerifyContextForAddOrAttach(IEntityWrapper wrappedEntity)
   at System.Data.Objects.ObjectContext.AttachSingleObject(IEntityWrapper wrappedEntity, EntitySet entitySet, String argumentName)
   at System.Data.Objects.ObjectContext.AttachTo(String entitySetName, Object entity)
   at System.Data.Entity.Internal.Linq.InternalSet`1.ActOnSet(Action action, EntityState newState, Object entity, String methodName)
   at System.Data.Entity.Internal.Linq.InternalSet`1.Attach(Object entity)
   at System.Data.Entity.Internal.InternalEntityEntry.set_State(EntityState value)
   at Effigy.DataObject.UnitOfWork.clsDALUser.SaveUserMaster(tblMstUserMaster objUserMaster) in E:\Projects\10032017\Indigo\Effigy\Effigy.DataObject\UnitOfWork\clsDALUser.cs:line 173
   at Effigy.DataObject.UnitOfWork.clsDALUser.SaveUpdateUserDetail(tblMstUserMaster objUserMaster, tblMstUserDetail objUserDetail, tblMstUserBankDetail objUserBankDetail, tblMstUserCategoryMapping categoryMapping, tblMstUserTreeStructure userTreeStructure) in E:\Projects\10032017\Indigo\Effigy\Effigy.DataObject\UnitOfWork\clsDALUser.cs:line 142
   at Effigy.Service.UserService.CreateNewUser(UserData objUserData, tblMstUserBankDetail objBankDetail) in E:\Projects\10032017\Indigo\Effigy\Effigy.Service\Factory\UserService.cs:line 111
   at Effigy.Web.UserProfile.UsersListPage.SaveProfile(UserProfileData objData) in E:\Projects\10032017\Indigo\Effigy\Effigy.Web\UserProfile\UsersListPage.aspx.cs:line 164
04 Oct 2017 21:06:56,732 [20] ERROR ErrorLog - Thread was being aborted.
System.Threading.ThreadAbortException: Thread was being aborted.
   at System.Threading.Thread.AbortInternal()
   at System.Threading.Thread.Abort(Object stateInfo)
   at System.Web.HttpResponse.AbortCurrentThread()
   at System.Web.HttpResponse.Redirect(String url, Boolean endResponse, Boolean permanent)
   at Effigy.Web.Login.btnLogin_Click(Object sender, EventArgs e) in E:\Projects\10032017\Indigo\Effigy\Effigy.Web\Login.aspx.cs:line 51
04 Oct 2017 21:07:54,208 [25] ERROR ErrorLog - An entity object cannot be referenced by multiple instances of IEntityChangeTracker.
System.InvalidOperationException: An entity object cannot be referenced by multiple instances of IEntityChangeTracker.
   at System.Data.Objects.ObjectContext.VerifyContextForAddOrAttach(IEntityWrapper wrappedEntity)
   at System.Data.Objects.ObjectContext.AttachSingleObject(IEntityWrapper wrappedEntity, EntitySet entitySet, String argumentName)
   at System.Data.Objects.ObjectContext.AttachTo(String entitySetName, Object entity)
   at System.Data.Entity.Internal.Linq.InternalSet`1.ActOnSet(Action action, EntityState newState, Object entity, String methodName)
   at System.Data.Entity.Internal.Linq.InternalSet`1.Attach(Object entity)
   at System.Data.Entity.Internal.InternalEntityEntry.set_State(EntityState value)
   at Effigy.DataObject.UnitOfWork.clsDALUser.SaveUserDetail(tblMstUserDetail objUserDetail) in E:\Projects\10032017\Indigo\Effigy\Effigy.DataObject\UnitOfWork\clsDALUser.cs:line 203
   at Effigy.DataObject.UnitOfWork.clsDALUser.SaveUpdateUserDetail(tblMstUserMaster objUserMaster, tblMstUserDetail objUserDetail, tblMstUserBankDetail objUserBankDetail, tblMstUserCategoryMapping categoryMapping, tblMstUserTreeStructure userTreeStructure) in E:\Projects\10032017\Indigo\Effigy\Effigy.DataObject\UnitOfWork\clsDALUser.cs:line 142
   at Effigy.Service.UserService.CreateNewUser(UserData objUserData, tblMstUserBankDetail objBankDetail) in E:\Projects\10032017\Indigo\Effigy\Effigy.Service\Factory\UserService.cs:line 119
   at Effigy.Web.UserProfile.UsersListPage.SaveProfile(UserProfileData objData) in E:\Projects\10032017\Indigo\Effigy\Effigy.Web\UserProfile\UsersListPage.aspx.cs:line 164
04 Oct 2017 21:11:47,161 [15] ERROR ErrorLog - Thread was being aborted.
System.Threading.ThreadAbortException: Thread was being aborted.
   at System.Threading.Thread.AbortInternal()
   at System.Threading.Thread.Abort(Object stateInfo)
   at System.Web.HttpResponse.AbortCurrentThread()
   at System.Web.HttpResponse.Redirect(String url, Boolean endResponse, Boolean permanent)
   at Effigy.Web.Login.btnLogin_Click(Object sender, EventArgs e) in E:\Projects\10032017\Indigo\Effigy\Effigy.Web\Login.aspx.cs:line 51
04 Oct 2017 21:13:22,758 [11] ERROR ErrorLog - Thread was being aborted.
System.Threading.ThreadAbortException: Thread was being aborted.
   at System.Threading.Thread.AbortInternal()
   at System.Threading.Thread.Abort(Object stateInfo)
   at System.Web.HttpResponse.AbortCurrentThread()
   at System.Web.HttpResponse.Redirect(String url, Boolean endResponse, Boolean permanent)
   at Effigy.Web.Login.btnLogin_Click(Object sender, EventArgs e) in E:\Projects\10032017\Indigo\Effigy\Effigy.Web\Login.aspx.cs:line 51
04 Oct 2017 21:34:48,327 [48] ERROR ErrorLog - Thread was being aborted.
System.Threading.ThreadAbortException: Thread was being aborted.
   at System.Threading.Thread.AbortInternal()
   at System.Threading.Thread.Abort(Object stateInfo)
   at System.Web.HttpResponse.AbortCurrentThread()
   at System.Web.HttpResponse.Redirect(String url, Boolean endResponse, Boolean permanent)
   at Effigy.Web.Login.btnLogin_Click(Object sender, EventArgs e) in E:\Projects\10032017\Indigo\Effigy\Effigy.Web\Login.aspx.cs:line 51
04 Oct 2017 21:35:41,439 [48] ERROR ErrorLog - Thread was being aborted.
System.Threading.ThreadAbortException: Thread was being aborted.
   at System.Threading.Thread.AbortInternal()
   at System.Threading.Thread.Abort(Object stateInfo)
   at System.Web.HttpResponse.AbortCurrentThread()
   at System.Web.HttpResponse.Redirect(String url, Boolean endResponse, Boolean permanent)
   at Effigy.Web.Login.btnLogin_Click(Object sender, EventArgs e) in E:\Projects\10032017\Indigo\Effigy\Effigy.Web\Login.aspx.cs:line 51
04 Oct 2017 21:43:06,768 [34] ERROR ErrorLog - Thread was being aborted.
System.Threading.ThreadAbortException: Thread was being aborted.
   at System.Threading.Thread.AbortInternal()
   at System.Threading.Thread.Abort(Object stateInfo)
   at System.Web.HttpResponse.AbortCurrentThread()
   at System.Web.HttpResponse.Redirect(String url, Boolean endResponse, Boolean permanent)
   at Effigy.Web.Login.btnLogin_Click(Object sender, EventArgs e) in E:\Projects\10032017\Indigo\Effigy\Effigy.Web\Login.aspx.cs:line 51
04 Oct 2017 21:47:54,337 [42] ERROR ErrorLog - Thread was being aborted.
System.Threading.ThreadAbortException: Thread was being aborted.
   at System.Threading.Thread.AbortInternal()
   at System.Threading.Thread.Abort(Object stateInfo)
   at System.Web.HttpResponse.AbortCurrentThread()
   at System.Web.HttpResponse.Redirect(String url, Boolean endResponse, Boolean permanent)
   at Effigy.Web.Login.btnLogin_Click(Object sender, EventArgs e) in E:\Projects\10032017\Indigo\Effigy\Effigy.Web\Login.aspx.cs:line 51
04 Oct 2017 22:02:54,805 [9] ERROR ErrorLog - Thread was being aborted.
System.Threading.ThreadAbortException: Thread was being aborted.
   at System.Threading.Thread.AbortInternal()
   at System.Threading.Thread.Abort(Object stateInfo)
   at System.Web.HttpResponse.AbortCurrentThread()
   at System.Web.HttpResponse.Redirect(String url, Boolean endResponse, Boolean permanent)
   at Effigy.Web.Login.btnLogin_Click(Object sender, EventArgs e) in E:\Projects\10032017\Indigo\Effigy\Effigy.Web\Login.aspx.cs:line 51
04 Oct 2017 22:06:04,471 [16] ERROR ErrorLog - Thread was being aborted.
System.Threading.ThreadAbortException: Thread was being aborted.
   at System.Threading.Thread.AbortInternal()
   at System.Threading.Thread.Abort(Object stateInfo)
   at System.Web.HttpResponse.AbortCurrentThread()
   at System.Web.HttpResponse.Redirect(String url, Boolean endResponse, Boolean permanent)
   at Effigy.Web.Login.btnLogin_Click(Object sender, EventArgs e) in E:\Projects\10032017\Indigo\Effigy\Effigy.Web\Login.aspx.cs:line 51
